<?xml version="1.0" encoding="UTF-8"?>
<!-- Generated by org.testng.reporters.JUnitReportReporter -->
<testsuite hostname="DESKTOP-J9CTNA9" failures="0" tests="1" name="TestClasses.VerifyUserCanLogIn" time="4.788" errors="0" timestamp="2022-07-27T06:53:10 IST" skipped="0">
  <testcase classname="TestClasses.VerifyUserCanLogIn" name="verifyUserCanLogIn" time="4.788"/>
  <system-out/>
</testsuite> <!-- TestClasses.VerifyUserCanLogIn -->
